<?xml version="1.0" encoding="UTF-8"?>
<testng-results skipped="0" failed="0" ignored="0" total="0" passed="0">
  <reporter-output>
  </reporter-output>
  <suite name="ca.com.rbc.provisioningservlet.ProcessUnitTest" duration-ms="22" started-at="2021-11-17T18:06:47 BRST" finished-at="2021-11-17T18:06:47 BRST">
    <groups>
    </groups>
    <test name="Command line test" duration-ms="22" started-at="2021-11-17T18:06:47 BRST" finished-at="2021-11-17T18:06:47 BRST">
    </test> <!-- Command line test -->
  </suite> <!-- ca.com.rbc.provisioningservlet.ProcessUnitTest -->
</testng-results>
